<?xml version="1.0" encoding="UTF-8"?>
<!-- Generated by org.testng.reporters.JUnitReportReporter -->
<testsuite hostname="Hometown" failures="0" tests="1" name="com.ht.testcases.LoginTest" time="4.385" errors="0" timestamp="13 Mar 2021 20:14:44 GMT" skipped="0">
  <testcase classname="com.ht.testcases.LoginTest" name="loginApp" time="4.385"/>
</testsuite> <!-- com.ht.testcases.LoginTest -->
