<?xml version="1.0" encoding="UTF-8"?>
<!-- Generated by org.testng.reporters.JUnitReportReporter -->
<testsuite hostname="Hometown" failures="0" tests="1" name="com.ht.testcases.test1" time="4.421" errors="0" timestamp="13 Mar 2021 19:56:25 GMT" skipped="0">
  <testcase classname="com.ht.testcases.test1" name="loginApp" time="4.421"/>
</testsuite> <!-- com.ht.testcases.test1 -->
