<?xml version="1.0" encoding="UTF-8"?>
<!-- Generated by org.testng.reporters.JUnitReportReporter -->
<testsuite hostname="Hometown" failures="0" tests="1" name="com.ht.testcases.GettingStarted" time="23.198" errors="0" timestamp="10 Mar 2021 18:20:46 GMT" skipped="0">
  <testcase classname="com.ht.testcases.GettingStarted" name="testGoogleSearch" time="23.198"/>
</testsuite> <!-- com.ht.testcases.GettingStarted -->
